proguard-project.txt
# To enable ProGuard in your project, edit project.properties
# to define the proguard.config property as described in that file.
#
# Add project specific ProGuard rules here.
# By default, the flags in this file are appended to flags specified
# in ${sdk.dir}/tools/proguard/proguard-android.txt
# You can edit the include path and order by changing the ProGuard
# include property in project.properties.
#
# For more details, see
#   http://developer.android.com/guide/developing/tools/proguard.html

# Add any project specific keep options here:
-optimizationpasses 5
-dontusemixedcaseclassnames
-dontskipnonpubliclibraryclasses
-dontpreverify
-verbose
-optimizations !code/simplification/arithmetic,!field/*,!class/merging/*
-dontwarn
-libraryjars libs/android-support-v4.jar
-libraryjars libs/com.umeng.message.lib.jar
-libraryjars libs/umeng-analytics-v5.2.4.jar
-libraryjars libs/umeng-feedback-v4.3.jar
-libraryjars libs/umeng-update-v2.4.2.jar
-keep class **.R$* {  *;  }
-keep class com.umeng.** {*;}
-keep class com.umeng.common.message.** {*;}
-keep class com.umeng.fb.** {*;}
-keep class com.umeng.update.** {*;}
-keep class com.umeng.message.** {*;}
-keep class org.android.agoo.** {*;}
-keep class com.umeng.update.net.DownloadingService.** {*;}
-keepclassmembers class * {
   public <init>(org.json.JSONObject);
}
-keep public class com.umeng.fb.ui.ThreadView {
}
# 添加第三方jar包
-libraryjars libs/umeng-sdk.jar
# 以下类过滤不混淆  
-keep public class * extends com.umeng.**
# 以下包不进行过滤 
-keep class com.umeng.** { *; }
# If your project uses WebView with JS, uncomment the following
# and specify the fully qualified class name to the JavaScript interface
# class:
#-keepclassmembers class fqcn.of.javascript.interface.for.webview {
#   public *;
#}
-dontshrink
-dontoptimize
-dontwarn com.google.android.maps.**
-dontwarn android.webkit.WebView
-dontwarn com.umeng.**
-dontwarn com.tencent.weibo.sdk.**
-dontwarn com.facebook.**

-libraryjars libs/SocialSDK_QQZone_2.jar

-keep enum com.facebook.**
-keepattributes Exceptions,InnerClasses,Signature
-keepattributes *Annotation*
-keepattributes SourceFile,LineNumberTable

-keep public interface com.facebook.**
-keep public interface com.tencent.**
-keep public interface com.umeng.socialize.**
-keep public interface com.umeng.socialize.sensor.**
-keep public interface com.umeng.scrshot.**

-keep public class com.umeng.socialize.* {*;}
-keep public class javax.**
-keep public class android.webkit.**

-keep class com.facebook.**
-keep class com.umeng.scrshot.**
-keep public class com.tencent.** {*;}
-keep class com.umeng.socialize.sensor.**

-keep class com.tencent.mm.sdk.modelmsg.WXMediaMessage {*;}

-keep class com.tencent.mm.sdk.modelmsg.** implements com.tencent.mm.sdk.modelmsg.WXMediaMessage$IMediaObject {*;}

-keep class im.yixin.sdk.api.YXMessage {*;}
-keep class im.yixin.sdk.api.** implements im.yixin.sdk.api.YXMessage$YXMessageData{*;}
-keep public class [com.example.interview].R$*{
    public static final int *;
}