proguard/seeds.txt
com.example.interview.MainActivity
com.example.interview.MainActivity: MainActivity()
com.example.interview.MainActivity: void clickHandler1(android.view.View)
com.example.interview.MainActivity: void clickHandler2(android.view.View)
com.example.interview.MainActivity: void clickHandler3(android.view.View)
com.example.interview.MainActivity: void clickHandler4(android.view.View)
com.example.interview.MainActivity: void clickHandler5(android.view.View)
com.example.interview.MainActivity: void clickHandler6(android.view.View)
com.example.interview.MainActivity: void clickHandler7(android.view.View)
com.example.interview.MainActivity: void download(android.view.View)
com.example.interview.MainActivity: void setting(android.view.View)
com.example.interview.MainActivity: void feedback(android.view.View)
com.example.interview.R$anim
com.example.interview.R$anim: int abc_fade_in
com.example.interview.R$anim: int abc_fade_out
com.example.interview.R$anim: int abc_slide_in_bottom
com.example.interview.R$anim: int abc_slide_in_top
com.example.interview.R$anim: int abc_slide_out_bottom
com.example.interview.R$anim: int abc_slide_out_top
com.example.interview.R$anim: int umeng_fb_slide_in_from_left
com.example.interview.R$anim: int umeng_fb_slide_in_from_right
com.example.interview.R$anim: int umeng_fb_slide_out_from_left
com.example.interview.R$anim: int umeng_fb_slide_out_from_right
com.example.interview.R$anim: int umeng_socialize_fade_in
com.example.interview.R$anim: int umeng_socialize_fade_out
com.example.interview.R$anim: int umeng_socialize_shareboard_animation_in
com.example.interview.R$anim: int umeng_socialize_shareboard_animation_out
com.example.interview.R$anim: int umeng_socialize_slide_in_from_bottom
com.example.interview.R$anim: int umeng_socialize_slide_out_from_bottom
com.example.interview.R$anim: R$anim()
com.example.interview.R$attr
com.example.interview.R$attr: int actionBarDivider
com.example.interview.R$attr: int actionBarItemBackground
com.example.interview.R$attr: int actionBarSize
com.example.interview.R$attr: int actionBarSplitStyle
com.example.interview.R$attr: int actionBarStyle
com.example.interview.R$attr: int actionBarTabBarStyle
com.example.interview.R$attr: int actionBarTabStyle
com.example.interview.R$attr: int actionBarTabTextStyle
com.example.interview.R$attr: int actionBarWidgetTheme
com.example.interview.R$attr: int actionButtonStyle
com.example.interview.R$attr: int actionDropDownStyle
com.example.interview.R$attr: int actionLayout
com.example.interview.R$attr: int actionMenuTextAppearance
com.example.interview.R$attr: int actionMenuTextColor
com.example.interview.R$attr: int actionModeBackground
com.example.interview.R$attr: int actionModeCloseButtonStyle
com.example.interview.R$attr: int actionModeCloseDrawable
com.example.interview.R$attr: int actionModeCopyDrawable
com.example.interview.R$attr: int actionModeCutDrawable
com.example.interview.R$attr: int actionModeFindDrawable
com.example.interview.R$attr: int actionModePasteDrawable
com.example.interview.R$attr: int actionModePopupWindowStyle
com.example.interview.R$attr: int actionModeSelectAllDrawable
com.example.interview.R$attr: int actionModeShareDrawable
com.example.interview.R$attr: int actionModeSplitBackground
com.example.interview.R$attr: int actionModeStyle
com.example.interview.R$bool
com.example.interview.R$bool: int abc_action_bar_embed_tabs_pre_jb
com.example.interview.R$bool: int abc_action_bar_expanded_action_views_exclusive
com.example.interview.R$bool: int abc_config_actionMenuItemAllCaps
com.example.interview.R$bool: int abc_config_allowActionMenuItemTextWithIcon
com.example.interview.R$bool: int abc_config_showMenuShortcutsWhenKeyboardPresent
com.example.interview.R$bool: int abc_split_action_bar_is_narrow
com.example.interview.R$bool: R$bool()
...
com.umeng.message.proguard.ax
com.umeng.message.proguard.ax: java.lang.String a
com.umeng.message.proguard.ax: java.lang.String b
com.umeng.message.proguard.ax: java.lang.String c
com.umeng.message.proguard.ax: ax()
com.umeng.message.proguard.ax: java.lang.String a(java.lang.String)
com.umeng.message.proguard.ax: java.lang.String b(java.lang.String)
com.umeng.message.proguard.ax: java.lang.String c(java.lang.String)
com.umeng.message.proguard.ax: java.lang.String a(java.io.InputStream)
com.umeng.message.proguard.ax: java.lang.String b(java.io.InputStream)
com.umeng.message.proguard.ax: java.lang.String a(java.io.InputStream,java.lang.String)
com.umeng.message.proguard.ax: java.lang.String c(java.io.InputStream)
com.umeng.message.proguard.ax: java.lang.String a(byte[])
com.umeng.message.proguard.ax: java.lang.String a(byte[],java.lang.String)
com.umeng.message.proguard.ay
com.umeng.message.proguard.ay: java.lang.String e
com.umeng.message.proguard.ay: byte[] f
com.umeng.message.proguard.ay: java.lang.ThreadLocal g
com.umeng.message.proguard.ay: java.security.spec.AlgorithmParameterSpec h
com.umeng.message.proguard.ay: java.security.SecureRandom i
com.umeng.message.proguard.ay: int a
com.umeng.message.proguard.ay: int b
com.umeng.message.proguard.ay: int c
com.umeng.message.proguard.ay: int d
com.umeng.message.proguard.ay: ay()
com.umeng.message.proguard.ay: byte[] a(byte[],javax.crypto.spec.SecretKeySpec)
com.umeng.message.proguard.ay: byte[] a(byte[],byte[],int)
com.umeng.message.proguard.ay: java.lang.String a(java.lang.String,java.lang.String,int)
com.umeng.message.proguard.ay: byte[] b(byte[],javax.crypto.spec.SecretKeySpec)
com.umeng.message.proguard.ay: javax.crypto.Cipher a(javax.crypto.spec.SecretKeySpec,int)
com.umeng.message.proguard.ay: javax.crypto.Cipher a()
com.umeng.message.proguard.ay: javax.crypto.spec.SecretKeySpec a(byte[],int)
com.umeng.message.proguard.ay: byte[] a(byte[])
com.umeng.message.proguard.ay: byte[] b(byte[])
com.umeng.message.proguard.ay: void <clinit>()
com.umeng.message.proguard.az
com.umeng.message.proguard.az: java.lang.String a
com.umeng.message.proguard.az: az()
com.umeng.message.proguard.az: java.lang.String a(java.lang.String)
com.umeng.message.proguard.az: java.lang.String b(java.lang.String)
com.umeng.message.proguard.az: java.lang.String c(java.lang.String)
com.umeng.message.proguard.az: byte a(byte,byte)
com.umeng.message.proguard.az: byte[] d(java.lang.String)
com.umeng.message.proguard.az: java.lang.String a(byte[])
com.umeng.message.proguard.az: byte[] e(java.lang.String)
com.umeng.message.proguard.az: byte a(char)
com.umeng.message.proguard.az: void <clinit>()