proguard/mapping.txt
com.example.interview.BuildConfig -> com.example.interview.a:
    boolean DEBUG -> a
com.example.interview.BuileGestureExt -> com.example.interview.b:
    int GESTURE_UP -> a
    int GESTURE_DOWN -> b
    int GESTURE_LEFT -> c
    int GESTURE_RIGHT -> d
    com.example.interview.BuileGestureExt$OnGestureResult onGestureResult -> e
    android.content.Context mContext -> f
    com.example.interview.GestureUtils$Screen screen -> g
    android.view.GestureDetector$OnGestureListener onGestureListener -> h
    23:23:android.view.GestureDetector Buile() -> a
    68:72:void doResult(int) -> a
    26:26:com.example.interview.GestureUtils$Screen access$0(com.example.interview.BuileGestureExt) -> a
com.example.interview.BuileGestureExt$1 -> com.example.interview.c:
    com.example.interview.BuileGestureExt this$0 -> a
    32:62:boolean onFling(android.view.MotionEvent,android.view.MotionEvent,float,float) -> onFling
com.example.interview.BuileGestureExt$OnGestureResult -> com.example.interview.b$a:
    void onGestureResult(int) -> a
com.example.interview.CustomDialog -> com.example.interview.d:
com.example.interview.CustomDialog$Builder -> com.example.interview.d$a:
    android.content.Context context -> a
    java.lang.String title -> b
    java.lang.String message -> c
    java.lang.String positiveButtonText -> d
    java.lang.String negativeButtonText -> e
    android.view.View contentView -> f
    android.content.DialogInterface$OnClickListener positiveButtonClickListener -> g
    android.content.DialogInterface$OnClickListener negativeButtonClickListener -> h
    60:61:com.example.interview.CustomDialog$Builder setMessage(java.lang.String) -> a
    70:71:com.example.interview.CustomDialog$Builder setMessage(int) -> a
    80:81:com.example.interview.CustomDialog$Builder setTitle(int) -> b
    90:91:com.example.interview.CustomDialog$Builder setTitle(java.lang.String) -> b
    102:103:com.example.interview.CustomDialog$Builder setContentView(android.view.View) -> a
    114:117:com.example.interview.CustomDialog$Builder setPositiveButton(int,android.content.DialogInterface$OnClickListener) -> a
    128:130:com.example.interview.CustomDialog$Builder setPositiveButton(java.lang.String,android.content.DialogInterface$OnClickListener) -> a
    141:144:com.example.interview.CustomDialog$Builder setNegativeButton(int,android.content.DialogInterface$OnClickListener) -> b
    155:157:com.example.interview.CustomDialog$Builder setNegativeButton(java.lang.String,android.content.DialogInterface$OnClickListener) -> b
com.example.interview.CustomDialog$Builder$1 -> com.example.interview.e:
    com.example.interview.CustomDialog$Builder this$1 -> a
    com.example.interview.CustomDialog val$dialog -> b
    183:186:void onClick(android.view.View) -> onClick
com.example.interview.CustomDialog$Builder$2 -> com.example.interview.f:
    com.example.interview.CustomDialog$Builder this$1 -> a
    com.example.interview.CustomDialog val$dialog -> b
    202:205:void onClick(android.view.View) -> onClick
com.example.interview.GestureUtils -> com.example.interview.g:
    13:16:com.example.interview.GestureUtils$Screen getScreenPix(android.content.Context) -> a
com.example.interview.GestureUtils$Screen -> com.example.interview.g$a:
    int widthPixels -> a
    int heightPixels -> b
    35:35:java.lang.String toString() -> toString
...
com.tencent.mm.sdk.constants.Build -> com.tencent.mm.sdk.constants.Build:
    int SDK_INT -> SDK_INT
    java.lang.String SDK_VERSION_NAME -> SDK_VERSION_NAME
    int MIN_SDK_INT -> MIN_SDK_INT
    int TIMELINE_SUPPORTED_SDK_INT -> TIMELINE_SUPPORTED_SDK_INT
    int EMOJI_SUPPORTED_SDK_INT -> EMOJI_SUPPORTED_SDK_INT
    int MUSIC_DATA_URL_SUPPORTED_SDK_INT -> MUSIC_DATA_URL_SUPPORTED_SDK_INT
    int PAY_SUPPORTED_SDK_INT -> PAY_SUPPORTED_SDK_INT
    int OPENID_SUPPORTED_SDK_INT -> OPENID_SUPPORTED_SDK_INT
    int getMajorVersion() -> getMajorVersion
    int getMinorVersion() -> getMinorVersion
com.tencent.mm.sdk.constants.ConstantsAPI -> com.tencent.mm.sdk.constants.ConstantsAPI:
    java.lang.String ACTION_HANDLE_APP_REGISTER -> ACTION_HANDLE_APP_REGISTER
    java.lang.String ACTION_HANDLE_APP_UNREGISTER -> ACTION_HANDLE_APP_UNREGISTER
    java.lang.String ACTION_REFRESH_WXAPP -> ACTION_REFRESH_WXAPP
    int COMMAND_UNKNOWN -> COMMAND_UNKNOWN
    int COMMAND_SENDAUTH -> COMMAND_SENDAUTH
    int COMMAND_SENDMESSAGE_TO_WX -> COMMAND_SENDMESSAGE_TO_WX
    int COMMAND_GETMESSAGE_FROM_WX -> COMMAND_GETMESSAGE_FROM_WX
    int COMMAND_SHOWMESSAGE_FROM_WX -> COMMAND_SHOWMESSAGE_FROM_WX
    int COMMAND_PAY_BY_WX -> COMMAND_PAY_BY_WX
    int COMMAND_LAUNCH_BY_WX -> COMMAND_LAUNCH_BY_WX
    java.lang.String APP_PACKAGE -> APP_PACKAGE
    java.lang.String SDK_VERSION -> SDK_VERSION
    java.lang.String CONTENT -> CONTENT
    java.lang.String CHECK_SUM -> CHECK_SUM
com.tencent.mm.sdk.constants.ConstantsAPI$Token -> com.tencent.mm.sdk.constants.ConstantsAPI$Token:
    java.lang.String WX_TOKEN_KEY -> WX_TOKEN_KEY
    java.lang.String WX_TOKEN_VALUE_MSG -> WX_TOKEN_VALUE_MSG
    java.lang.String WX_TOKEN_PLATFORMID_KEY -> WX_TOKEN_PLATFORMID_KEY
    java.lang.String WX_TOKEN_PLATFORMID_VALUE -> WX_TOKEN_PLATFORMID_VALUE
com.tencent.mm.sdk.constants.ConstantsAPI$WXApp -> com.tencent.mm.sdk.constants.ConstantsAPI$WXApp:
    java.lang.String WXAPP_PACKAGE_NAME -> WXAPP_PACKAGE_NAME
    java.lang.String WXAPP_BROADCAST_PERMISSION -> WXAPP_BROADCAST_PERMISSION
    java.lang.String WXAPP_MSG_ENTRY_CLASSNAME -> WXAPP_MSG_ENTRY_CLASSNAME
com.tencent.mm.sdk.modelbase.BaseReq -> com.tencent.mm.sdk.modelbase.BaseReq:
    java.lang.String transaction -> transaction
    java.lang.String openId -> openId
    int getType() -> getType
    void toBundle(android.os.Bundle) -> toBundle
    void fromBundle(android.os.Bundle) -> fromBundle
    boolean checkArgs() -> checkArgs
com.tencent.mm.sdk.modelbase.BaseResp -> com.tencent.mm.sdk.modelbase.BaseResp:
    int errCode -> errCode
    java.lang.String errStr -> errStr
    java.lang.String transaction -> transaction
    java.lang.String openId -> openId
    int getType() -> getType
    void toBundle(android.os.Bundle) -> toBundle
    void fromBundle(android.os.Bundle) -> fromBundle
    boolean checkArgs() -> checkArgs
com.tencent.mm.sdk.modelbase.BaseResp$ErrCode -> com.tencent.mm.sdk.modelbase.BaseResp$ErrCode:
    int ERR_OK -> ERR_OK
    int ERR_COMM -> ERR_COMM
    int ERR_USER_CANCEL -> ERR_USER_CANCEL
    int ERR_SENT_FAILED -> ERR_SENT_FAILED
    int ERR_AUTH_DENIED -> ERR_AUTH_DENIED
    int ERR_UNSUPPORT -> ERR_UNSUPPORT
com.tencent.mm.sdk.modelmsg.GetMessageFromWX -> com.tencent.mm.sdk.modelmsg.GetMessageFromWX:
com.tencent.mm.sdk.modelmsg.GetMessageFromWX$Req -> com.tencent.mm.sdk.modelmsg.GetMessageFromWX$Req:
    java.lang.String username -> username
    int getType() -> getType
    void toBundle(android.os.Bundle) -> toBundle
    void fromBundle(android.os.Bundle) -> fromBundle
    boolean checkArgs() -> checkArgs
com.tencent.mm.sdk.modelmsg.GetMessageFromWX$Resp -> com.tencent.mm.sdk.modelmsg.GetMessageFromWX$Resp:
    java.lang.String TAG -> TAG
    com.tencent.mm.sdk.modelmsg.WXMediaMessage message -> message
    int getType() -> getType
    void fromBundle(android.os.Bundle) -> fromBundle
    void toBundle(android.os.Bundle) -> toBundle
    boolean checkArgs() -> checkArgs