proguard/usage.txt
com.example.interview.BuildConfig
com.example.interview.BuileGestureExt:
    public static final int GESTURE_UP
    public static final int GESTURE_DOWN
    public static final int GESTURE_LEFT
    public static final int GESTURE_RIGHT
com.example.interview.CustomDialog:
    31:32:public CustomDialog(android.content.Context)
com.example.interview.CustomDialog$Builder:
    70:71:public com.example.interview.CustomDialog$Builder setMessage(int)
    80:81:public com.example.interview.CustomDialog$Builder setTitle(int)
    102:103:public com.example.interview.CustomDialog$Builder setContentView(android.view.View)
    114:117:public com.example.interview.CustomDialog$Builder setPositiveButton(int,android.content.DialogInterface$OnClickListener)
    141:144:public com.example.interview.CustomDialog$Builder setNegativeButton(int,android.content.DialogInterface$OnClickListener)
    155:157:public com.example.interview.CustomDialog$Builder setNegativeButton(java.lang.String,android.content.DialogInterface$OnClickListener)
com.example.interview.GestureUtils:
    7:7:public GestureUtils()
com.example.interview.R:
    10:10:public R()
com.example.interview.SQLdm:
    android.database.sqlite.SQLiteDatabase database
com.example.interview.SQLrec:
    android.database.sqlite.SQLiteDatabase database
com.example.interview.collectActivity:
    98:108:public java.lang.String readFile(java.lang.String)
...
android.support.v7.internal.view.ActionModeWrapper:
    41:41:public java.lang.Object getTag()
    46:47:public void setTag(java.lang.Object)
    51:51:public boolean getTitleOptionalHint()
    56:57:public void setTitleOptionalHint(boolean)
    61:61:public boolean isTitleOptional()
    66:67:public void setTitle(java.lang.CharSequence)
    71:72:public void setSubtitle(java.lang.CharSequence)
    76:77:public void invalidate()
    86:86:public android.view.Menu getMenu()
    91:91:public java.lang.CharSequence getTitle()
    96:97:public void setTitle(int)
    101:101:public java.lang.CharSequence getSubtitle()
    106:107:public void setSubtitle(int)
    111:111:public android.view.View getCustomView()
    116:117:public void setCustomView(android.view.View)
    121:121:public android.view.MenuInflater getMenuInflater()
android.support.v7.internal.view.ActionModeWrapper$CallbackWrapper
android.support.v7.internal.view.SupportMenuInflater:
    private static final java.lang.String LOG_TAG
    private static final java.lang.String XML_MENU
    private static final java.lang.String XML_GROUP
    private static final java.lang.String XML_ITEM
    private static final int NO_ID
android.support.v7.internal.view.SupportMenuInflater$MenuState:
    private static final int defaultGroupId
    private static final int defaultItemId
    private static final int defaultItemCategory
    private static final int defaultItemOrder
    private static final int defaultItemCheckable
    private static final boolean defaultItemChecked
    private static final boolean defaultItemVisible
    private static final boolean defaultItemEnabled
android.support.v7.internal.view.menu.ActionMenuItem:
    private static final int NO_ICON
    private static final int CHECKABLE
    private static final int CHECKED
    private static final int EXCLUSIVE
    private static final int HIDDEN
    private static final int ENABLED
    147:148:public android.support.v7.internal.view.menu.ActionMenuItem setExclusiveCheckable(boolean)
    215:224:public boolean invoke()
    256:256:public android.support.v4.view.ActionProvider getSupportActionProvider()
    293:293:public android.support.v4.internal.view.SupportMenuItem setSupportOnActionExpandListener(android.support.v4.view.MenuItemCompat$OnActionExpandListener)
android.support.v7.internal.view.menu.ActionMenuItemView:
    private static final java.lang.String TAG
    155:155:public void setShortcut(boolean,char)
    165:165:public boolean showsIcon()
android.support.v7.internal.view.menu.ActionMenuPresenter:
    private static final java.lang.String TAG
    136:138:public void setReserveOverflow(boolean)
    512:514:public android.os.Parcelable onSaveInstanceState()
    519:527:public void onRestoreInstanceState(android.os.Parcelable)
    531:537:public void onSubUiVisibilityChanged(boolean)
android.support.v7.internal.view.menu.ActionMenuView:
    private static final java.lang.String TAG
    static final int MIN_CELL_SIZE
    static final int GENERATED_ITEM_PADDING
    75:75:public boolean isExpandedFormat()
    500:500:public boolean isOverflowReserved()
android.support.v7.internal.view.menu.ActionMenuView$LayoutParams:
    613:615:public ActionMenuView$LayoutParams(int,int,boolean)
android.support.v7.internal.view.menu.BaseMenuPresenter:
    229:229:public int getId()
android.support.v7.internal.view.menu.BaseWrapper:
    31:31:public java.lang.Object getWrappedObject()
android.support.v7.internal.view.menu.ListMenuItemView:
    private static final java.lang.String TAG
    277:277:public boolean showsIcon()